Determining if the pthread_create exist failed with the following output:
Change Dir: /home/robotica/FInalMeca/finalMeca/build/CMakeFiles/CMakeTmp

Run Build Command:"/usr/bin/make" "cmTC_28398/fast"
/usr/bin/make -f CMakeFiles/cmTC_28398.dir/build.make CMakeFiles/cmTC_28398.dir/build
make[1]: Entering directory '/home/robotica/FInalMeca/finalMeca/build/CMakeFiles/CMakeTmp'
Building C object CMakeFiles/cmTC_28398.dir/CheckSymbolExists.c.o
/usr/bin/cc     -o CMakeFiles/cmTC_28398.dir/CheckSymbolExists.c.o   -c /home/robotica/FInalMeca/finalMeca/build/CMakeFiles/CMakeTmp/CheckSymbolExists.c
Linking C executable cmTC_28398
/usr/bin/cmake -E cmake_link_script CMakeFiles/cmTC_28398.dir/link.txt --verbose=1
/usr/bin/cc       CMakeFiles/cmTC_28398.dir/CheckSymbolExists.c.o  -o cmTC_28398 -rdynamic 
CMakeFiles/cmTC_28398.dir/CheckSymbolExists.c.o: In function `main':
CheckSymbolExists.c:(.text+0x16): undefined reference to `pthread_create'
collect2: error: ld returned 1 exit status
CMakeFiles/cmTC_28398.dir/build.make:97: recipe for target 'cmTC_28398' failed
make[1]: *** [cmTC_28398] Error 1
make[1]: Leaving directory '/home/robotica/FInalMeca/finalMeca/build/CMakeFiles/CMakeTmp'
Makefile:126: recipe for target 'cmTC_28398/fast' failed
make: *** [cmTC_28398/fast] Error 2

File /home/robotica/FInalMeca/finalMeca/build/CMakeFiles/CMakeTmp/CheckSymbolExists.c:
/* */
#include <pthread.h>

int main(int argc, char** argv)
{
  (void)argv;
#ifndef pthread_create
  return ((int*)(&pthread_create))[argc];
#else
  (void)argc;
  return 0;
#endif
}

Determining if the function pthread_create exists in the pthreads failed with the following output:
Change Dir: /home/robotica/FInalMeca/finalMeca/build/CMakeFiles/CMakeTmp

Run Build Command:"/usr/bin/make" "cmTC_49b7e/fast"
/usr/bin/make -f CMakeFiles/cmTC_49b7e.dir/build.make CMakeFiles/cmTC_49b7e.dir/build
make[1]: Entering directory '/home/robotica/FInalMeca/finalMeca/build/CMakeFiles/CMakeTmp'
Building C object CMakeFiles/cmTC_49b7e.dir/CheckFunctionExists.c.o
/usr/bin/cc    -DCHECK_FUNCTION_EXISTS=pthread_create   -o CMakeFiles/cmTC_49b7e.dir/CheckFunctionExists.c.o   -c /usr/share/cmake-3.5/Modules/CheckFunctionExists.c
Linking C executable cmTC_49b7e
/usr/bin/cmake -E cmake_link_script CMakeFiles/cmTC_49b7e.dir/link.txt --verbose=1
/usr/bin/cc   -DCHECK_FUNCTION_EXISTS=pthread_create    CMakeFiles/cmTC_49b7e.dir/CheckFunctionExists.c.o  -o cmTC_49b7e -rdynamic -lpthreads 
/usr/bin/ld: cannot find -lpthreads
collect2: error: ld returned 1 exit status
CMakeFiles/cmTC_49b7e.dir/build.make:97: recipe for target 'cmTC_49b7e' failed
make[1]: *** [cmTC_49b7e] Error 1
make[1]: Leaving directory '/home/robotica/FInalMeca/finalMeca/build/CMakeFiles/CMakeTmp'
Makefile:126: recipe for target 'cmTC_49b7e/fast' failed
make: *** [cmTC_49b7e/fast] Error 2


